<?xml version="1.0" encoding="UTF-8"?>
<!-- Generated by org.testng.reporters.JUnitXMLReporter -->
<testsuite ignored="2" hostname="SWAPNIL" failures="0" tests="1" name="IntegrationTesting" time="0.046" errors="0" timestamp="2023-07-29T11:24:33 IST">
  <testcase classname="LearnTestNG.ClassC" name="testJ" time="0.012"/>
  <testcase classname="LearnTestNG.ClassC" name="testH" time="0.0">
    <ignored/>
  </testcase> <!-- testH -->
  <testcase classname="LearnTestNG.ClassC" name="testI" time="0.0">
    <ignored/>
  </testcase> <!-- testI -->
</testsuite> <!-- IntegrationTesting -->
