<?xml version="1.0" encoding="UTF-8"?>
<!-- Generated by org.testng.reporters.JUnitXMLReporter -->
<testsuite ignored="1" hostname="SWAPNIL" failures="0" tests="17" name="Regression" time="65.496" errors="0" timestamp="2023-07-26T20:18:54 IST">
  <testcase classname="LearnTestNG.ModuleName" name="testCaseName" time="0.015"/>
  <testcase classname="LearnTestNG.ReadData" name="readData" time="11.279"/>
  <testcase classname="LearnTestNG.LearningAnnotations" name="clickOnBigBangCompany" time="10.18"/>
  <testcase classname="LearnTestNG.LearningAnnotations" name="searchTask" time="5.088"/>
  <testcase classname="LearnTestNG.KGF" name="suryaVardhan" time="0.0"/>
  <testcase classname="LearnTestNG.KGF" name="garuda" time="0.0"/>
  <testcase classname="LearnTestNG.KGF" name="rocky" time="0.0"/>
  <testcase classname="LearnTestNG.KGF" name="rocky" time="0.0"/>
  <testcase classname="LearnTestNG.KGF" name="rocky" time="0.007"/>
  <testcase classname="LearnTestNG.KGF" name="rocky" time="0.0"/>
  <testcase classname="LearnTestNG.KGF" name="rocky" time="0.0"/>
  <testcase classname="LearnTestNG.KGF" name="rocky" time="0.004"/>
  <testcase classname="LearnTestNG.KGF" name="rocky" time="0.0"/>
  <testcase classname="LearnTestNG.KGF" name="mumbaiShetty" time="0.0"/>
  <testcase classname="LearnTestNG.KGF" name="rajendraDesai" time="0.001"/>
  <testcase classname="LearnTestNG.KGF" name="adheera" time="0.0"/>
  <testcase classname="LearnTestNG.KGF" name="ramikaSen" time="0.0"/>
  <testcase classname="LearnTestNG.KGF" name="vanaram" time="0.0">
    <ignored/>
  </testcase> <!-- vanaram -->
</testsuite> <!-- Regression -->
