<?xml version="1.0" encoding="UTF-8"?>
<!-- Generated by org.testng.reporters.JUnitXMLReporter -->
<testsuite ignored="1" hostname="SWAPNIL" failures="0" tests="13" name="KGFTest" time="0.092" errors="0" timestamp="2023-08-05T10:20:57 IST">
  <testcase classname="LearnTestNG.KGF" name="suryaVardhan" time="0.012"/>
  <testcase classname="LearnTestNG.KGF" name="garuda" time="0.001"/>
  <testcase classname="LearnTestNG.KGF" name="rocky" time="0.001"/>
  <testcase classname="LearnTestNG.KGF" name="rocky" time="0.001"/>
  <testcase classname="LearnTestNG.KGF" name="rocky" time="0.002"/>
  <testcase classname="LearnTestNG.KGF" name="rocky" time="0.002"/>
  <testcase classname="LearnTestNG.KGF" name="rocky" time="0.001"/>
  <testcase classname="LearnTestNG.KGF" name="rocky" time="0.001"/>
  <testcase classname="LearnTestNG.KGF" name="rocky" time="0.0"/>
  <testcase classname="LearnTestNG.KGF" name="mumbaiShetty" time="0.001"/>
  <testcase classname="LearnTestNG.KGF" name="rajendraDesai" time="0.001"/>
  <testcase classname="LearnTestNG.KGF" name="adheera" time="0.002"/>
  <testcase classname="LearnTestNG.KGF" name="ramikaSen" time="0.001"/>
  <testcase classname="LearnTestNG.KGF" name="vanaram" time="0.0">
    <ignored/>
  </testcase> <!-- vanaram -->
</testsuite> <!-- KGFTest -->
