<?xml version="1.0" encoding="UTF-8"?>
<!-- Generated by org.testng.reporters.JUnitXMLReporter -->
<testsuite ignored="4" hostname="SWAPNIL" failures="0" tests="7" name="Test" time="0.072" errors="0" timestamp="2023-08-10T12:30:42 IST">
  <testcase classname="LearnTestNG.ClassB" name="testD" time="0.01"/>
  <testcase classname="LearnTestNG.ClassB" name="testE" time="0.001"/>
  <testcase classname="LearnTestNG.ClassB" name="testF" time="0.001"/>
  <testcase classname="LearnTestNG.ClassB" name="testG" time="0.001"/>
  <testcase classname="LearnTestNG.ClassC" name="testH" time="0.002"/>
  <testcase classname="LearnTestNG.ClassC" name="testI" time="0.001"/>
  <testcase classname="LearnTestNG.ClassC" name="testJ" time="0.001"/>
  <testcase classname="LearnTestNG.ClassPreAndPostConditions" name="@BeforeSuite beforeSuite" time="0.0">
    <ignored/>
  </testcase> <!-- @BeforeSuite beforeSuite -->
  <testcase classname="LearnTestNG.ClassPreAndPostConditions" name="@AfterTest afterTest" time="0.0">
    <ignored/>
  </testcase> <!-- @AfterTest afterTest -->
  <testcase classname="LearnTestNG.ClassPreAndPostConditions" name="@BeforeTest beforeTest" time="0.0">
    <ignored/>
  </testcase> <!-- @BeforeTest beforeTest -->
  <testcase classname="LearnTestNG.ClassPreAndPostConditions" name="@AfterSuite testCaseB" time="0.0">
    <ignored/>
  </testcase> <!-- @AfterSuite testCaseB -->
</testsuite> <!-- Test -->
