<?xml version="1.0" encoding="UTF-8"?>
<!-- Generated by org.testng.reporters.JUnitXMLReporter -->
<testsuite ignored="5" hostname="SWAPNIL" failures="1" tests="1" name="Default test" time="53.272" errors="0" timestamp="2023-08-21T10:20:26 IST">
  <testcase classname="boards.info.trello.testcases.MyTestCases" name="trelloCreateMultipleListAndSwapInCreateBoard" time="47.392">
    <failure type="java.lang.AssertionError" message="The following asserts failed:
	Position is not swapped properly expected [true] but found [false]">
      <![CDATA[java.lang.AssertionError: The following asserts failed:
Position is not swapped properly expected [true] but found [false]
at org.testng.asserts.SoftAssert.assertAll(SoftAssert.java:47)
at org.testng.asserts.SoftAssert.assertAll(SoftAssert.java:31)
at boards.info.trello.testcases.MyTestCases.trelloCreateMultipleListAndSwapInCreateBoard(MyTestCases.java:417)
at java.base/jdk.internal.reflect.DirectMethodHandleAccessor.invoke(DirectMethodHandleAccessor.java:104)
at java.base/java.lang.reflect.Method.invoke(Method.java:578)
at org.testng.internal.MethodInvocationHelper.invokeMethod(MethodInvocationHelper.java:133)
at org.testng.internal.TestInvoker.invokeMethod(TestInvoker.java:598)
at org.testng.internal.TestInvoker.invokeTestMethod(TestInvoker.java:173)
at org.testng.internal.MethodRunner.runInSequence(MethodRunner.java:46)
at org.testng.internal.TestInvoker$MethodInvocationAgent.invoke(TestInvoker.java:824)
at org.testng.internal.TestInvoker.invokeTestMethods(TestInvoker.java:146)
at org.testng.internal.TestMethodWorker.invokeTestMethods(TestMethodWorker.java:146)
at org.testng.internal.TestMethodWorker.run(TestMethodWorker.java:128)
at java.base/java.util.ArrayList.forEach(ArrayList.java:1511)
at org.testng.TestRunner.privateRun(TestRunner.java:794)
at org.testng.TestRunner.run(TestRunner.java:596)
at org.testng.SuiteRunner.runTest(SuiteRunner.java:377)
at org.testng.SuiteRunner.runSequentially(SuiteRunner.java:371)
at org.testng.SuiteRunner.privateRun(SuiteRunner.java:332)
at org.testng.SuiteRunner.run(SuiteRunner.java:276)
at org.testng.SuiteRunnerWorker.runSuite(SuiteRunnerWorker.java:53)
at org.testng.SuiteRunnerWorker.run(SuiteRunnerWorker.java:96)
at org.testng.TestNG.runSuitesSequentially(TestNG.java:1212)
at org.testng.TestNG.runSuitesLocally(TestNG.java:1134)
at org.testng.TestNG.runSuites(TestNG.java:1063)
at org.testng.TestNG.run(TestNG.java:1031)
at org.testng.remote.AbstractRemoteTestNG.run(AbstractRemoteTestNG.java:115)
at org.testng.remote.RemoteTestNG.initAndRun(RemoteTestNG.java:251)
at org.testng.remote.RemoteTestNG.main(RemoteTestNG.java:77)
]]>
    </failure>
  </testcase> <!-- trelloCreateMultipleListAndSwapInCreateBoard -->
  <testcase classname="boards.info.trello.testcases.MyTestCases" name="trelloCreateMultipleListInCreatedBoard" time="0.0">
    <ignored/>
  </testcase> <!-- trelloCreateMultipleListInCreatedBoard -->
  <testcase classname="boards.info.trello.testcases.MyTestCases" name="trelloHomePageCheck" time="0.0">
    <ignored/>
  </testcase> <!-- trelloHomePageCheck -->
  <testcase classname="boards.info.trello.testcases.MyTestCases" name="trelloCreateAndDeleteBoard" time="0.0">
    <ignored/>
  </testcase> <!-- trelloCreateAndDeleteBoard -->
  <testcase classname="boards.info.trello.testcases.MyTestCases" name="trelloLoginPageCheck" time="0.0">
    <ignored/>
  </testcase> <!-- trelloLoginPageCheck -->
  <testcase classname="boards.info.trello.testcases.MyTestCases" name="trelloBoardsPageCheck" time="0.0">
    <ignored/>
  </testcase> <!-- trelloBoardsPageCheck -->
</testsuite> <!-- Default test -->
